<?xml version="1.0" encoding="UTF-8"?>
<testsuite xmlns:xsi="http://www.w3.org/2001/XMLSchema-instance" xsi:noNamespaceSchemaLocation="https://maven.apache.org/surefire/maven-surefire-plugin/xsd/surefire-test-report.xsd" version="3.0.2" name="com.example.demo.challange.stringCompressionTest" time="0.005" tests="1" errors="0" skipped="0" failures="1">
  <properties>
    <property name="java.specification.version" value="21"/>
    <property name="sun.jnu.encoding" value="UTF-8"/>
    <property name="java.class.path" value="/Users/rojin025/Documents/MSD/1.Repositories/java_datastructure/target/test-classes:/Users/rojin025/Documents/MSD/1.Repositories/java_datastructure/target/classes:/Users/rojin025/.m2/repository/org/springframework/boot/spring-boot-starter/3.4.3/spring-boot-starter-3.4.3.jar:/Users/rojin025/.m2/repository/org/springframework/boot/spring-boot/3.4.3/spring-boot-3.4.3.jar:/Users/rojin025/.m2/repository/org/springframework/spring-context/6.2.3/spring-context-6.2.3.jar:/Users/rojin025/.m2/repository/org/springframework/spring-aop/6.2.3/spring-aop-6.2.3.jar:/Users/rojin025/.m2/repository/org/springframework/spring-beans/6.2.3/spring-beans-6.2.3.jar:/Users/rojin025/.m2/repository/org/springframework/spring-expression/6.2.3/spring-expression-6.2.3.jar:/Users/rojin025/.m2/repository/io/micrometer/micrometer-observation/1.14.4/micrometer-observation-1.14.4.jar:/Users/rojin025/.m2/repository/io/micrometer/micrometer-commons/1.14.4/micrometer-commons-1.14.4.jar:/Users/rojin025/.m2/repository/org/springframework/boot/spring-boot-autoconfigure/3.4.3/spring-boot-autoconfigure-3.4.3.jar:/Users/rojin025/.m2/repository/org/springframework/boot/spring-boot-starter-logging/3.4.3/spring-boot-starter-logging-3.4.3.jar:/Users/rojin025/.m2/repository/ch/qos/logback/logback-classic/1.5.16/logback-classic-1.5.16.jar:/Users/rojin025/.m2/repository/ch/qos/logback/logback-core/1.5.16/logback-core-1.5.16.jar:/Users/rojin025/.m2/repository/org/apache/logging/log4j/log4j-to-slf4j/2.24.3/log4j-to-slf4j-2.24.3.jar:/Users/rojin025/.m2/repository/org/apache/logging/log4j/log4j-api/2.24.3/log4j-api-2.24.3.jar:/Users/rojin025/.m2/repository/org/slf4j/jul-to-slf4j/2.0.16/jul-to-slf4j-2.0.16.jar:/Users/rojin025/.m2/repository/jakarta/annotation/jakarta.annotation-api/2.1.1/jakarta.annotation-api-2.1.1.jar:/Users/rojin025/.m2/repository/org/springframework/spring-core/6.2.3/spring-core-6.2.3.jar:/Users/rojin025/.m2/repository/org/springframework/spring-jcl/6.2.3/spring-jcl-6.2.3.jar:/Users/rojin025/.m2/repository/org/yaml/snakeyaml/2.3/snakeyaml-2.3.jar:/Users/rojin025/.m2/repository/org/springframework/boot/spring-boot-starter-test/3.4.3/spring-boot-starter-test-3.4.3.jar:/Users/rojin025/.m2/repository/org/springframework/boot/spring-boot-test/3.4.3/spring-boot-test-3.4.3.jar:/Users/rojin025/.m2/repository/org/springframework/boot/spring-boot-test-autoconfigure/3.4.3/spring-boot-test-autoconfigure-3.4.3.jar:/Users/rojin025/.m2/repository/com/jayway/jsonpath/json-path/2.9.0/json-path-2.9.0.jar:/Users/rojin025/.m2/repository/org/slf4j/slf4j-api/2.0.16/slf4j-api-2.0.16.jar:/Users/rojin025/.m2/repository/jakarta/xml/bind/jakarta.xml.bind-api/4.0.2/jakarta.xml.bind-api-4.0.2.jar:/Users/rojin025/.m2/repository/jakarta/activation/jakarta.activation-api/2.1.3/jakarta.activation-api-2.1.3.jar:/Users/rojin025/.m2/repository/net/minidev/json-smart/2.5.2/json-smart-2.5.2.jar:/Users/rojin025/.m2/repository/net/minidev/accessors-smart/2.5.2/accessors-smart-2.5.2.jar:/Users/rojin025/.m2/repository/org/ow2/asm/asm/9.7.1/asm-9.7.1.jar:/Users/rojin025/.m2/repository/org/assertj/assertj-core/3.26.3/assertj-core-3.26.3.jar:/Users/rojin025/.m2/repository/net/bytebuddy/byte-buddy/1.15.11/byte-buddy-1.15.11.jar:/Users/rojin025/.m2/repository/org/awaitility/awaitility/4.2.2/awaitility-4.2.2.jar:/Users/rojin025/.m2/repository/org/hamcrest/hamcrest/2.2/hamcrest-2.2.jar:/Users/rojin025/.m2/repository/org/junit/jupiter/junit-jupiter/5.11.4/junit-jupiter-5.11.4.jar:/Users/rojin025/.m2/repository/org/junit/jupiter/junit-jupiter-api/5.11.4/junit-jupiter-api-5.11.4.jar:/Users/rojin025/.m2/repository/org/opentest4j/opentest4j/1.3.0/opentest4j-1.3.0.jar:/Users/rojin025/.m2/repository/org/junit/platform/junit-platform-commons/1.11.4/junit-platform-commons-1.11.4.jar:/Users/rojin025/.m2/repository/org/apiguardian/apiguardian-api/1.1.2/apiguardian-api-1.1.2.jar:/Users/rojin025/.m2/repository/org/junit/jupiter/junit-jupiter-params/5.11.4/junit-jupiter-params-5.11.4.jar:/Users/rojin025/.m2/repository/org/junit/jupiter/junit-jupiter-engine/5.11.4/junit-jupiter-engine-5.11.4.jar:/Users/rojin025/.m2/repository/org/junit/platform/junit-platform-engine/1.11.4/junit-platform-engine-1.11.4.jar:/Users/rojin025/.m2/repository/org/mockito/mockito-core/5.14.2/mockito-core-5.14.2.jar:/Users/rojin025/.m2/repository/net/bytebuddy/byte-buddy-agent/1.15.11/byte-buddy-agent-1.15.11.jar:/Users/rojin025/.m2/repository/org/objenesis/objenesis/3.3/objenesis-3.3.jar:/Users/rojin025/.m2/repository/org/mockito/mockito-junit-jupiter/5.14.2/mockito-junit-jupiter-5.14.2.jar:/Users/rojin025/.m2/repository/org/skyscreamer/jsonassert/1.5.3/jsonassert-1.5.3.jar:/Users/rojin025/.m2/repository/com/vaadin/external/google/android-json/0.0.20131108.vaadin1/android-json-0.0.20131108.vaadin1.jar:/Users/rojin025/.m2/repository/org/springframework/spring-test/6.2.3/spring-test-6.2.3.jar:/Users/rojin025/.m2/repository/org/xmlunit/xmlunit-core/2.10.0/xmlunit-core-2.10.0.jar:"/>
    <property name="java.vm.vendor" value="Homebrew"/>
    <property name="sun.arch.data.model" value="64"/>
    <property name="java.vendor.url" value="https://github.com/Homebrew/homebrew-core/issues"/>
    <property name="os.name" value="Mac OS X"/>
    <property name="java.vm.specification.version" value="21"/>
    <property name="sun.java.launcher" value="SUN_STANDARD"/>
    <property name="user.country" value="US"/>
    <property name="sun.boot.library.path" value="/opt/homebrew/Cellar/openjdk@21/21.0.6/libexec/openjdk.jdk/Contents/Home/lib"/>
    <property name="sun.java.command" value="/Users/rojin025/Documents/MSD/1.Repositories/java_datastructure/target/surefire/surefirebooter-20250303112625537_3.jar /Users/rojin025/Documents/MSD/1.Repositories/java_datastructure/target/surefire 2025-03-03T11-26-25_497-jvmRun1 surefire-20250303112625537_1tmp surefire_0-20250303112625537_2tmp"/>
    <property name="http.nonProxyHosts" value="local|*.local|169.254/16|*.169.254/16"/>
    <property name="jdk.debug" value="release"/>
    <property name="surefire.test.class.path" value="/Users/rojin025/Documents/MSD/1.Repositories/java_datastructure/target/test-classes:/Users/rojin025/Documents/MSD/1.Repositories/java_datastructure/target/classes:/Users/rojin025/.m2/repository/org/springframework/boot/spring-boot-starter/3.4.3/spring-boot-starter-3.4.3.jar:/Users/rojin025/.m2/repository/org/springframework/boot/spring-boot/3.4.3/spring-boot-3.4.3.jar:/Users/rojin025/.m2/repository/org/springframework/spring-context/6.2.3/spring-context-6.2.3.jar:/Users/rojin025/.m2/repository/org/springframework/spring-aop/6.2.3/spring-aop-6.2.3.jar:/Users/rojin025/.m2/repository/org/springframework/spring-beans/6.2.3/spring-beans-6.2.3.jar:/Users/rojin025/.m2/repository/org/springframework/spring-expression/6.2.3/spring-expression-6.2.3.jar:/Users/rojin025/.m2/repository/io/micrometer/micrometer-observation/1.14.4/micrometer-observation-1.14.4.jar:/Users/rojin025/.m2/repository/io/micrometer/micrometer-commons/1.14.4/micrometer-commons-1.14.4.jar:/Users/rojin025/.m2/repository/org/springframework/boot/spring-boot-autoconfigure/3.4.3/spring-boot-autoconfigure-3.4.3.jar:/Users/rojin025/.m2/repository/org/springframework/boot/spring-boot-starter-logging/3.4.3/spring-boot-starter-logging-3.4.3.jar:/Users/rojin025/.m2/repository/ch/qos/logback/logback-classic/1.5.16/logback-classic-1.5.16.jar:/Users/rojin025/.m2/repository/ch/qos/logback/logback-core/1.5.16/logback-core-1.5.16.jar:/Users/rojin025/.m2/repository/org/apache/logging/log4j/log4j-to-slf4j/2.24.3/log4j-to-slf4j-2.24.3.jar:/Users/rojin025/.m2/repository/org/apache/logging/log4j/log4j-api/2.24.3/log4j-api-2.24.3.jar:/Users/rojin025/.m2/repository/org/slf4j/jul-to-slf4j/2.0.16/jul-to-slf4j-2.0.16.jar:/Users/rojin025/.m2/repository/jakarta/annotation/jakarta.annotation-api/2.1.1/jakarta.annotation-api-2.1.1.jar:/Users/rojin025/.m2/repository/org/springframework/spring-core/6.2.3/spring-core-6.2.3.jar:/Users/rojin025/.m2/repository/org/springframework/spring-jcl/6.2.3/spring-jcl-6.2.3.jar:/Users/rojin025/.m2/repository/org/yaml/snakeyaml/2.3/snakeyaml-2.3.jar:/Users/rojin025/.m2/repository/org/springframework/boot/spring-boot-starter-test/3.4.3/spring-boot-starter-test-3.4.3.jar:/Users/rojin025/.m2/repository/org/springframework/boot/spring-boot-test/3.4.3/spring-boot-test-3.4.3.jar:/Users/rojin025/.m2/repository/org/springframework/boot/spring-boot-test-autoconfigure/3.4.3/spring-boot-test-autoconfigure-3.4.3.jar:/Users/rojin025/.m2/repository/com/jayway/jsonpath/json-path/2.9.0/json-path-2.9.0.jar:/Users/rojin025/.m2/repository/org/slf4j/slf4j-api/2.0.16/slf4j-api-2.0.16.jar:/Users/rojin025/.m2/repository/jakarta/xml/bind/jakarta.xml.bind-api/4.0.2/jakarta.xml.bind-api-4.0.2.jar:/Users/rojin025/.m2/repository/jakarta/activation/jakarta.activation-api/2.1.3/jakarta.activation-api-2.1.3.jar:/Users/rojin025/.m2/repository/net/minidev/json-smart/2.5.2/json-smart-2.5.2.jar:/Users/rojin025/.m2/repository/net/minidev/accessors-smart/2.5.2/accessors-smart-2.5.2.jar:/Users/rojin025/.m2/repository/org/ow2/asm/asm/9.7.1/asm-9.7.1.jar:/Users/rojin025/.m2/repository/org/assertj/assertj-core/3.26.3/assertj-core-3.26.3.jar:/Users/rojin025/.m2/repository/net/bytebuddy/byte-buddy/1.15.11/byte-buddy-1.15.11.jar:/Users/rojin025/.m2/repository/org/awaitility/awaitility/4.2.2/awaitility-4.2.2.jar:/Users/rojin025/.m2/repository/org/hamcrest/hamcrest/2.2/hamcrest-2.2.jar:/Users/rojin025/.m2/repository/org/junit/jupiter/junit-jupiter/5.11.4/junit-jupiter-5.11.4.jar:/Users/rojin025/.m2/repository/org/junit/jupiter/junit-jupiter-api/5.11.4/junit-jupiter-api-5.11.4.jar:/Users/rojin025/.m2/repository/org/opentest4j/opentest4j/1.3.0/opentest4j-1.3.0.jar:/Users/rojin025/.m2/repository/org/junit/platform/junit-platform-commons/1.11.4/junit-platform-commons-1.11.4.jar:/Users/rojin025/.m2/repository/org/apiguardian/apiguardian-api/1.1.2/apiguardian-api-1.1.2.jar:/Users/rojin025/.m2/repository/org/junit/jupiter/junit-jupiter-params/5.11.4/junit-jupiter-params-5.11.4.jar:/Users/rojin025/.m2/repository/org/junit/jupiter/junit-jupiter-engine/5.11.4/junit-jupiter-engine-5.11.4.jar:/Users/rojin025/.m2/repository/org/junit/platform/junit-platform-engine/1.11.4/junit-platform-engine-1.11.4.jar:/Users/rojin025/.m2/repository/org/mockito/mockito-core/5.14.2/mockito-core-5.14.2.jar:/Users/rojin025/.m2/repository/net/bytebuddy/byte-buddy-agent/1.15.11/byte-buddy-agent-1.15.11.jar:/Users/rojin025/.m2/repository/org/objenesis/objenesis/3.3/objenesis-3.3.jar:/Users/rojin025/.m2/repository/org/mockito/mockito-junit-jupiter/5.14.2/mockito-junit-jupiter-5.14.2.jar:/Users/rojin025/.m2/repository/org/skyscreamer/jsonassert/1.5.3/jsonassert-1.5.3.jar:/Users/rojin025/.m2/repository/com/vaadin/external/google/android-json/0.0.20131108.vaadin1/android-json-0.0.20131108.vaadin1.jar:/Users/rojin025/.m2/repository/org/springframework/spring-test/6.2.3/spring-test-6.2.3.jar:/Users/rojin025/.m2/repository/org/xmlunit/xmlunit-core/2.10.0/xmlunit-core-2.10.0.jar:"/>
    <property name="sun.cpu.endian" value="little"/>
    <property name="user.home" value="/Users/rojin025"/>
    <property name="user.language" value="en"/>
    <property name="java.specification.vendor" value="Oracle Corporation"/>
    <property name="java.version.date" value="2025-01-21"/>
    <property name="java.home" value="/opt/homebrew/Cellar/openjdk@21/21.0.6/libexec/openjdk.jdk/Contents/Home"/>
    <property name="file.separator" value="/"/>
    <property name="basedir" value="/Users/rojin025/Documents/MSD/1.Repositories/java_datastructure"/>
    <property name="java.vm.compressedOopsMode" value="Zero based"/>
    <property name="line.separator" value="&#10;"/>
    <property name="java.vm.specification.vendor" value="Oracle Corporation"/>
    <property name="java.specification.name" value="Java Platform API Specification"/>
    <property name="apple.awt.application.name" value="ForkedBooter"/>
    <property name="surefire.real.class.path" value="/Users/rojin025/Documents/MSD/1.Repositories/java_datastructure/target/surefire/surefirebooter-20250303112625537_3.jar"/>
    <property name="sun.management.compiler" value="HotSpot 64-Bit Tiered Compilers"/>
    <property name="ftp.nonProxyHosts" value="local|*.local|169.254/16|*.169.254/16"/>
    <property name="java.runtime.version" value="21.0.6"/>
    <property name="user.name" value="rojin025"/>
    <property name="stdout.encoding" value="UTF-8"/>
    <property name="path.separator" value=":"/>
    <property name="os.version" value="14.5"/>
    <property name="java.runtime.name" value="OpenJDK Runtime Environment"/>
    <property name="file.encoding" value="UTF-8"/>
    <property name="java.vm.name" value="OpenJDK 64-Bit Server VM"/>
    <property name="java.vendor.version" value="Homebrew"/>
    <property name="localRepository" value="/Users/rojin025/.m2/repository"/>
    <property name="java.vendor.url.bug" value="https://github.com/Homebrew/homebrew-core/issues"/>
    <property name="java.io.tmpdir" value="/var/folders/hk/pgh0bq354638g4wzj33ckq8w0000gn/T/"/>
    <property name="java.version" value="21.0.6"/>
    <property name="user.dir" value="/Users/rojin025/Documents/MSD/1.Repositories/java_datastructure"/>
    <property name="os.arch" value="aarch64"/>
    <property name="java.vm.specification.name" value="Java Virtual Machine Specification"/>
    <property name="native.encoding" value="UTF-8"/>
    <property name="java.library.path" value="/Users/rojin025/Library/Java/Extensions:/Library/Java/Extensions:/Network/Library/Java/Extensions:/System/Library/Java/Extensions:/usr/lib/java:."/>
    <property name="java.vm.info" value="mixed mode, sharing"/>
    <property name="stderr.encoding" value="UTF-8"/>
    <property name="java.vendor" value="Homebrew"/>
    <property name="java.vm.version" value="21.0.6"/>
    <property name="sun.io.unicode.encoding" value="UnicodeBig"/>
    <property name="socksNonProxyHosts" value="local|*.local|169.254/16|*.169.254/16"/>
    <property name="java.class.version" value="65.0"/>
  </properties>
  <testcase name="testStringCompressed" classname="com.example.demo.challange.stringCompressionTest" time="0.004">
    <failure message="expected: &lt;a1b1c3&gt; but was: &lt;a1b1c2&gt;" type="org.opentest4j.AssertionFailedError"><![CDATA[org.opentest4j.AssertionFailedError: expected: <a1b1c3> but was: <a1b1c2>
	at org.junit.jupiter.api.AssertionFailureBuilder.build(AssertionFailureBuilder.java:151)
	at org.junit.jupiter.api.AssertionFailureBuilder.buildAndThrow(AssertionFailureBuilder.java:132)
	at org.junit.jupiter.api.AssertEquals.failNotEqual(AssertEquals.java:197)
	at org.junit.jupiter.api.AssertEquals.assertEquals(AssertEquals.java:182)
	at org.junit.jupiter.api.AssertEquals.assertEquals(AssertEquals.java:177)
	at org.junit.jupiter.api.Assertions.assertEquals(Assertions.java:1145)
	at com.example.demo.challange.stringCompressionTest.testStringCompressed(stringCompressionTest.java:15)
	at java.base/java.lang.reflect.Method.invoke(Method.java:580)
	at java.base/java.util.ArrayList.forEach(ArrayList.java:1596)
	at java.base/java.util.ArrayList.forEach(ArrayList.java:1596)
]]></failure>
  </testcase>
</testsuite>